Using pre-set license
Built from '2021.3/staging' branch; Version is '2021.3.23f1 (213b516bf396) revision 2177873'; Using compiler version '192829333'; Build Type 'Release'
OS: 'Windows 11  (10.0.22621) 64bit Core' Language: 'ru' Physical Memory: 16126 MB
BatchMode: 1, IsHumanControllingUs: 0, StartBugReporterOnCrash: 0, Is64bit: 1, IsPro: 1

COMMAND LINE ARGUMENTS:
C:\Program Files\Unity\Hub\Editor\2021.3.23f1\Editor\Unity.exe
-adb2
-batchMode
-noUpm
-name
AssetImportWorker0
-projectPath
C:/Users/Dell/Desktop/Crazy-Splash/Crazy Splash
-logFile
Logs/AssetImportWorker0.log
-srvPort
53205
Successfully changed project path to: C:/Users/Dell/Desktop/Crazy-Splash/Crazy Splash
C:/Users/Dell/Desktop/Crazy-Splash/Crazy Splash
[UnityMemory] Configuration Parameters - Can be set up in boot.config
    "memorysetup-bucket-allocator-granularity=16"
    "memorysetup-bucket-allocator-bucket-count=8"
    "memorysetup-bucket-allocator-block-size=33554432"
    "memorysetup-bucket-allocator-block-count=8"
    "memorysetup-main-allocator-block-size=16777216"
    "memorysetup-thread-allocator-block-size=16777216"
    "memorysetup-gfx-main-allocator-block-size=16777216"
    "memorysetup-gfx-thread-allocator-block-size=16777216"
    "memorysetup-cache-allocator-block-size=4194304"
    "memorysetup-typetree-allocator-block-size=2097152"
    "memorysetup-profiler-bucket-allocator-granularity=16"
    "memorysetup-profiler-bucket-allocator-bucket-count=8"
    "memorysetup-profiler-bucket-allocator-block-size=33554432"
    "memorysetup-profiler-bucket-allocator-block-count=8"
    "memorysetup-profiler-allocator-block-size=16777216"
    "memorysetup-profiler-editor-allocator-block-size=1048576"
    "memorysetup-temp-allocator-size-main=16777216"
    "memorysetup-job-temp-allocator-block-size=2097152"
    "memorysetup-job-temp-allocator-block-size-background=1048576"
    "memorysetup-job-temp-allocator-reduction-small-platforms=262144"
    "memorysetup-temp-allocator-size-background-worker=32768"
    "memorysetup-temp-allocator-size-job-worker=262144"
    "memorysetup-temp-allocator-size-preload-manager=33554432"
    "memorysetup-temp-allocator-size-nav-mesh-worker=65536"
    "memorysetup-temp-allocator-size-audio-worker=65536"
    "memorysetup-temp-allocator-size-cloud-worker=32768"
    "memorysetup-temp-allocator-size-gi-baking-worker=262144"
    "memorysetup-temp-allocator-size-gfx=262144"
Player connection [13268] Host "[IP] 192.168.10.16 [Port] 0 [Flags] 2 [Guid] 1978641435 [EditorId] 1978641435 [Version] 1048832 [Id] WindowsEditor(7,DESKTOP-03F43GB) [Debug] 1 [PackageName] WindowsEditor [ProjectName] Editor" joined multi-casting on [225.0.0.222:54997]...

Player connection [13268] Host "[IP] 192.168.10.16 [Port] 0 [Flags] 2 [Guid] 1978641435 [EditorId] 1978641435 [Version] 1048832 [Id] WindowsEditor(7,DESKTOP-03F43GB) [Debug] 1 [PackageName] WindowsEditor [ProjectName] Editor" joined alternative multi-casting on [225.0.0.222:34997]...

Refreshing native plugins compatible for Editor in 89.67 ms, found 4 plugins.
Preloading 0 native plugins for Editor in 0.00 ms.
Initialize engine version: 2021.3.23f1 (213b516bf396)
[Subsystems] Discovering subsystems at path C:/Program Files/Unity/Hub/Editor/2021.3.23f1/Editor/Data/Resources/UnitySubsystems
[Subsystems] Discovering subsystems at path C:/Users/Dell/Desktop/Crazy-Splash/Crazy Splash/Assets
GfxDevice: creating device client; threaded=0; jobified=0
Direct3D:
    Version:  Direct3D 11.0 [level 11.1]
    Renderer: NVIDIA GeForce RTX 3070 Laptop GPU (ID=0x24dd)
    Vendor:   NVIDIA
    VRAM:     8033 MB
    Driver:   31.0.15.3667
Initialize mono
Mono path[0] = 'C:/Program Files/Unity/Hub/Editor/2021.3.23f1/Editor/Data/Managed'
Mono path[1] = 'C:/Program Files/Unity/Hub/Editor/2021.3.23f1/Editor/Data/MonoBleedingEdge/lib/mono/unityjit-win32'
Mono config path = 'C:/Program Files/Unity/Hub/Editor/2021.3.23f1/Editor/Data/MonoBleedingEdge/etc'
Using monoOptions --debugger-agent=transport=dt_socket,embedding=1,server=y,suspend=n,address=127.0.0.1:56436
Begin MonoManager ReloadAssembly
Registering precompiled unity dll's ...
Register platform support module: C:/Program Files/Unity/Hub/Editor/2021.3.23f1/Editor/Data/PlaybackEngines/AndroidPlayer/UnityEditor.Android.Extensions.dll
Register platform support module: C:/Program Files/Unity/Hub/Editor/2021.3.23f1/Editor/Data/PlaybackEngines/WindowsStandaloneSupport/UnityEditor.WindowsStandalone.Extensions.dll
Registered in 0.003498 seconds.
Native extension for WindowsStandalone target not found
Native extension for Android target not found
Android Extension - Scanning For ADB Devices 192 ms
Refreshing native plugins compatible for Editor in 81.42 ms, found 4 plugins.
Preloading 0 native plugins for Editor in 0.00 ms.
Mono: successfully reloaded assembly
- Completed reload, in  0.711 seconds
Domain Reload Profiling:
	ReloadAssembly (712ms)
		BeginReloadAssembly (68ms)
			ExecutionOrderSort (0ms)
			DisableScriptedObjects (0ms)
			BackupInstance (0ms)
			ReleaseScriptingObjects (0ms)
			CreateAndSetChildDomain (1ms)
		EndReloadAssembly (570ms)
			LoadAssemblies (67ms)
			RebuildTransferFunctionScriptingTraits (0ms)
			SetupTypeCache (79ms)
			ReleaseScriptCaches (0ms)
			RebuildScriptCaches (21ms)
			SetupLoadedEditorAssemblies (432ms)
				LogAssemblyErrors (0ms)
				InitializePlatformSupportModulesInManaged (241ms)
				SetLoadedEditorAssemblies (0ms)
				RefreshPlugins (82ms)
				BeforeProcessingInitializeOnLoad (1ms)
				ProcessInitializeOnLoadAttributes (71ms)
				ProcessInitializeOnLoadMethodAttributes (37ms)
				AfterProcessingInitializeOnLoad (0ms)
				EditorAssembliesLoaded (0ms)
			ExecutionOrderSort2 (0ms)
			AwakeInstancesAfterBackupRestoration (0ms)
Platform modules already initialized, skipping
Registering precompiled user dll's ...
Registered in 0.004561 seconds.
Begin MonoManager ReloadAssembly
Symbol file LoadedFromMemory doesn't match image C:\Users\Dell\Desktop\Crazy-Splash\Crazy Splash\Library\PackageCache\com.unity.visualscripting@1.8.0\Editor\VisualScripting.Core\Dependencies\YamlDotNet\Unity.VisualScripting.YamlDotNet.dll
Symbol file LoadedFromMemory doesn't match image C:\Users\Dell\Desktop\Crazy-Splash\Crazy Splash\Library\PackageCache\com.unity.visualscripting@1.8.0\Editor\VisualScripting.Core\Dependencies\DotNetZip\Unity.VisualScripting.IonicZip.dll
Native extension for WindowsStandalone target not found
Native extension for Android target not found
Refreshing native plugins compatible for Editor in 84.91 ms, found 4 plugins.
Preloading 0 native plugins for Editor in 0.00 ms.
Mono: successfully reloaded assembly
Package Manager log level set to [2]
- Completed reload, in  1.122 seconds
Domain Reload Profiling:
	ReloadAssembly (1123ms)
		BeginReloadAssembly (97ms)
			ExecutionOrderSort (0ms)
			DisableScriptedObjects (5ms)
			BackupInstance (0ms)
			ReleaseScriptingObjects (0ms)
			CreateAndSetChildDomain (20ms)
		EndReloadAssembly (933ms)
			LoadAssemblies (80ms)
			RebuildTransferFunctionScriptingTraits (0ms)
			SetupTypeCache (210ms)
			ReleaseScriptCaches (1ms)
			RebuildScriptCaches (48ms)
			SetupLoadedEditorAssemblies (555ms)
				LogAssemblyErrors (0ms)
				InitializePlatformSupportModulesInManaged (12ms)
				SetLoadedEditorAssemblies (0ms)
				RefreshPlugins (85ms)
				BeforeProcessingInitializeOnLoad (87ms)
				ProcessInitializeOnLoadAttributes (334ms)
				ProcessInitializeOnLoadMethodAttributes (29ms)
				AfterProcessingInitializeOnLoad (7ms)
				EditorAssembliesLoaded (0ms)
			ExecutionOrderSort2 (0ms)
			AwakeInstancesAfterBackupRestoration (5ms)
Platform modules already initialized, skipping
========================================================================
Worker process is ready to serve import requests
Launched and connected shader compiler UnityShaderCompiler.exe after 0.04 seconds
Refreshing native plugins compatible for Editor in 0.78 ms, found 4 plugins.
Preloading 0 native plugins for Editor in 0.00 ms.
Unloading 4038 Unused Serialized files (Serialized files now loaded: 0)
Unloading 56 unused Assets / (229.4 KB). Loaded Objects now: 4479.
Memory consumption went from 153.7 MB to 153.4 MB.
Total: 3.473700 ms (FindLiveObjects: 0.327600 ms CreateObjectMapping: 0.132000 ms MarkObjects: 2.818000 ms  DeleteObjects: 0.194400 ms)

AssetImportParameters requested are different than current active one (requested -> active):
  custom:video-decoder-ogg-theora: a1e56fd34408186e4bbccfd4996cb3dc -> 
  custom:container-muxer-webm: aa71ff27fc2769a1b78a27578f13a17b -> 
  custom:container-demuxer-webm: 4f35f7cbe854078d1ac9338744f61a02 -> 
  custom:video-encoder-webm-vp8: eb34c28f22e8b96e1ab97ce403110664 -> 
  custom:video-codec-MediaFoundation-h265: 746d11721c4dcdbdad8f713fa42b33f4 -> 
  custom:audio-encoder-webm-vorbis: bf7c407c2cedff20999df2af8eb42d56 -> 
  custom:framework-win-MediaFoundation: 216162199b28c13a410421893ffa2e32 -> 
  custom:container-demuxer-ogg: 62fdf1f143b41e24485cea50d1cbac27 -> 
  custom:video-decoder-webm-vp8: 9c59270c3fd7afecdb556c50c9e8de78 -> 
  custom:audio-decoder-ogg-vorbis: bf7c407c2cedff20999df2af8eb42d56 -> 
========================================================================
Received Import Request.
  Time since last request: 5036.566732 seconds.
  path: ProjectSettings/TagManager.asset
  artifactKey: Guid(00000000000000003000000000000000) Importer(815301076,1909f56bfc062723c751e8b465ee728b)
Start importing ProjectSettings/TagManager.asset using Guid(00000000000000003000000000000000) Importer(815301076,1909f56bfc062723c751e8b465ee728b)  -> (artifact id: '5f74b9f0782f3ffe8a654b2b60a9f33c') in 0.046658 seconds 
========================================================================
Received Import Request.
  Time since last request: 34.161507 seconds.
  path: Assets/Prefabs/SharkRight.prefab
  artifactKey: Guid(d39c533150932c0449901bb344ebb1b6) Importer(815301076,1909f56bfc062723c751e8b465ee728b)
Start importing Assets/Prefabs/SharkRight.prefab using Guid(d39c533150932c0449901bb344ebb1b6) Importer(815301076,1909f56bfc062723c751e8b465ee728b)  -> (artifact id: '30f010a1b2eecf900310e4af2298b034') in 0.076855 seconds 
========================================================================
Received Import Request.
  Time since last request: 3.784531 seconds.
  path: Assets/Prefabs/SharkLeft.prefab
  artifactKey: Guid(0db449f998f132740a0cd89e4001d826) Importer(815301076,1909f56bfc062723c751e8b465ee728b)
Start importing Assets/Prefabs/SharkLeft.prefab using Guid(0db449f998f132740a0cd89e4001d826) Importer(815301076,1909f56bfc062723c751e8b465ee728b)  -> (artifact id: '514e34e2e48b92978532ddc6ed978397') in 0.015104 seconds 
========================================================================
Received Import Request.
  Time since last request: 3.119648 seconds.
  path: Assets/Prefabs/SharkRight.prefab
  artifactKey: Guid(d39c533150932c0449901bb344ebb1b6) Importer(815301076,1909f56bfc062723c751e8b465ee728b)
Start importing Assets/Prefabs/SharkRight.prefab using Guid(d39c533150932c0449901bb344ebb1b6) Importer(815301076,1909f56bfc062723c751e8b465ee728b)  -> (artifact id: '037a8a2db24c6d19025d7a1f740e63f5') in 0.008403 seconds 
========================================================================
Received Import Request.
  Time since last request: 1.816006 seconds.
  path: Assets/Prefabs/Background_1.prefab
  artifactKey: Guid(e01a2b7460379c646b4e268fba50101b) Importer(815301076,1909f56bfc062723c751e8b465ee728b)
Start importing Assets/Prefabs/Background_1.prefab using Guid(e01a2b7460379c646b4e268fba50101b) Importer(815301076,1909f56bfc062723c751e8b465ee728b)  -> (artifact id: '240a9e870361cf6bc791a9ac15562617') in 0.077064 seconds 
========================================================================
Received Import Request.
  Time since last request: 4.788756 seconds.
  path: Assets/Prefabs/Background_1.prefab
  artifactKey: Guid(e01a2b7460379c646b4e268fba50101b) Importer(815301076,1909f56bfc062723c751e8b465ee728b)
Start importing Assets/Prefabs/Background_1.prefab using Guid(e01a2b7460379c646b4e268fba50101b) Importer(815301076,1909f56bfc062723c751e8b465ee728b)  -> (artifact id: '0f063f0554476bc38b784e6a2194ea09') in 0.034203 seconds 
========================================================================
Received Prepare
Registering precompiled user dll's ...
Registered in 0.004492 seconds.
Begin MonoManager ReloadAssembly
Symbol file LoadedFromMemory doesn't match image C:\Users\Dell\Desktop\Crazy-Splash\Crazy Splash\Library\PackageCache\com.unity.visualscripting@1.8.0\Editor\VisualScripting.Core\Dependencies\YamlDotNet\Unity.VisualScripting.YamlDotNet.dll
Symbol file LoadedFromMemory doesn't match image C:\Users\Dell\Desktop\Crazy-Splash\Crazy Splash\Library\PackageCache\com.unity.visualscripting@1.8.0\Editor\VisualScripting.Core\Dependencies\DotNetZip\Unity.VisualScripting.IonicZip.dll
Native extension for WindowsStandalone target not found
Native extension for Android target not found
Refreshing native plugins compatible for Editor in 0.96 ms, found 4 plugins.
Preloading 0 native plugins for Editor in 0.00 ms.
Mono: successfully reloaded assembly
- Completed reload, in  1.077 seconds
Domain Reload Profiling:
	ReloadAssembly (1077ms)
		BeginReloadAssembly (120ms)
			ExecutionOrderSort (0ms)
			DisableScriptedObjects (5ms)
			BackupInstance (0ms)
			ReleaseScriptingObjects (0ms)
			CreateAndSetChildDomain (35ms)
		EndReloadAssembly (866ms)
			LoadAssemblies (85ms)
			RebuildTransferFunctionScriptingTraits (0ms)
			SetupTypeCache (240ms)
			ReleaseScriptCaches (2ms)
			RebuildScriptCaches (46ms)
			SetupLoadedEditorAssemblies (450ms)
				LogAssemblyErrors (0ms)
				InitializePlatformSupportModulesInManaged (18ms)
				SetLoadedEditorAssemblies (0ms)
				RefreshPlugins (1ms)
				BeforeProcessingInitializeOnLoad (75ms)
				ProcessInitializeOnLoadAttributes (320ms)
				ProcessInitializeOnLoadMethodAttributes (31ms)
				AfterProcessingInitializeOnLoad (5ms)
				EditorAssembliesLoaded (0ms)
			ExecutionOrderSort2 (0ms)
			AwakeInstancesAfterBackupRestoration (6ms)
Platform modules already initialized, skipping
Refreshing native plugins compatible for Editor in 3.90 ms, found 4 plugins.
Preloading 0 native plugins for Editor in 0.00 ms.
Unloading 4020 Unused Serialized files (Serialized files now loaded: 0)
Unloading 44 unused Assets / (197.1 KB). Loaded Objects now: 4490.
Memory consumption went from 156.2 MB to 156.0 MB.
Total: 3.669300 ms (FindLiveObjects: 0.264600 ms CreateObjectMapping: 0.120300 ms MarkObjects: 3.049500 ms  DeleteObjects: 0.233400 ms)

AssetImportParameters requested are different than current active one (requested -> active):
  custom:video-decoder-ogg-theora: a1e56fd34408186e4bbccfd4996cb3dc -> 
  custom:container-muxer-webm: aa71ff27fc2769a1b78a27578f13a17b -> 
  custom:container-demuxer-webm: 4f35f7cbe854078d1ac9338744f61a02 -> 
  custom:video-encoder-webm-vp8: eb34c28f22e8b96e1ab97ce403110664 -> 
  custom:video-codec-MediaFoundation-h265: 746d11721c4dcdbdad8f713fa42b33f4 -> 
  custom:audio-encoder-webm-vorbis: bf7c407c2cedff20999df2af8eb42d56 -> 
  custom:framework-win-MediaFoundation: 216162199b28c13a410421893ffa2e32 -> 
  custom:container-demuxer-ogg: 62fdf1f143b41e24485cea50d1cbac27 -> 
  custom:video-decoder-webm-vp8: 9c59270c3fd7afecdb556c50c9e8de78 -> 
  custom:audio-decoder-ogg-vorbis: bf7c407c2cedff20999df2af8eb42d56 -> 
========================================================================
Received Prepare
Registering precompiled user dll's ...
Registered in 0.003894 seconds.
Begin MonoManager ReloadAssembly
Symbol file LoadedFromMemory doesn't match image C:\Users\Dell\Desktop\Crazy-Splash\Crazy Splash\Library\PackageCache\com.unity.visualscripting@1.8.0\Editor\VisualScripting.Core\Dependencies\YamlDotNet\Unity.VisualScripting.YamlDotNet.dll
Symbol file LoadedFromMemory doesn't match image C:\Users\Dell\Desktop\Crazy-Splash\Crazy Splash\Library\PackageCache\com.unity.visualscripting@1.8.0\Editor\VisualScripting.Core\Dependencies\DotNetZip\Unity.VisualScripting.IonicZip.dll
Native extension for WindowsStandalone target not found
Native extension for Android target not found
Refreshing native plugins compatible for Editor in 0.91 ms, found 4 plugins.
Preloading 0 native plugins for Editor in 0.00 ms.
Mono: successfully reloaded assembly
- Completed reload, in  1.052 seconds
Domain Reload Profiling:
	ReloadAssembly (1052ms)
		BeginReloadAssembly (118ms)
			ExecutionOrderSort (0ms)
			DisableScriptedObjects (7ms)
			BackupInstance (0ms)
			ReleaseScriptingObjects (0ms)
			CreateAndSetChildDomain (31ms)
		EndReloadAssembly (854ms)
			LoadAssemblies (80ms)
			RebuildTransferFunctionScriptingTraits (0ms)
			SetupTypeCache (209ms)
			ReleaseScriptCaches (2ms)
			RebuildScriptCaches (48ms)
			SetupLoadedEditorAssemblies (466ms)
				LogAssemblyErrors (0ms)
				InitializePlatformSupportModulesInManaged (18ms)
				SetLoadedEditorAssemblies (0ms)
				RefreshPlugins (1ms)
				BeforeProcessingInitializeOnLoad (75ms)
				ProcessInitializeOnLoadAttributes (328ms)
				ProcessInitializeOnLoadMethodAttributes (40ms)
				AfterProcessingInitializeOnLoad (4ms)
				EditorAssembliesLoaded (0ms)
			ExecutionOrderSort2 (0ms)
			AwakeInstancesAfterBackupRestoration (6ms)
Platform modules already initialized, skipping
Refreshing native plugins compatible for Editor in 4.03 ms, found 4 plugins.
Preloading 0 native plugins for Editor in 0.00 ms.
Unloading 4020 Unused Serialized files (Serialized files now loaded: 0)
Unloading 43 unused Assets / (196.9 KB). Loaded Objects now: 4493.
Memory consumption went from 156.2 MB to 156.0 MB.
Total: 3.238200 ms (FindLiveObjects: 0.277000 ms CreateObjectMapping: 0.121600 ms MarkObjects: 2.700700 ms  DeleteObjects: 0.138100 ms)

AssetImportParameters requested are different than current active one (requested -> active):
  custom:video-decoder-ogg-theora: a1e56fd34408186e4bbccfd4996cb3dc -> 
  custom:container-muxer-webm: aa71ff27fc2769a1b78a27578f13a17b -> 
  custom:container-demuxer-webm: 4f35f7cbe854078d1ac9338744f61a02 -> 
  custom:video-encoder-webm-vp8: eb34c28f22e8b96e1ab97ce403110664 -> 
  custom:video-codec-MediaFoundation-h265: 746d11721c4dcdbdad8f713fa42b33f4 -> 
  custom:audio-encoder-webm-vorbis: bf7c407c2cedff20999df2af8eb42d56 -> 
  custom:framework-win-MediaFoundation: 216162199b28c13a410421893ffa2e32 -> 
  custom:container-demuxer-ogg: 62fdf1f143b41e24485cea50d1cbac27 -> 
  custom:video-decoder-webm-vp8: 9c59270c3fd7afecdb556c50c9e8de78 -> 
  custom:audio-decoder-ogg-vorbis: bf7c407c2cedff20999df2af8eb42d56 -> 
========================================================================
Received Import Request.
  Time since last request: 4232.399056 seconds.
  path: Assets/Resources/4Z_2101.w017.n001.353B.p15.353.jpg
  artifactKey: Guid(79b88a44d9e174348a9e7e46321bd6b7) Importer(815301076,1909f56bfc062723c751e8b465ee728b)
Start importing Assets/Resources/4Z_2101.w017.n001.353B.p15.353.jpg using Guid(79b88a44d9e174348a9e7e46321bd6b7) Importer(815301076,1909f56bfc062723c751e8b465ee728b)  -> (artifact id: 'a86b5a999b1d3472d6d5ebb3e9da1236') in 0.614548 seconds 
========================================================================
Received Import Request.
  Time since last request: 6.036203 seconds.
  path: Assets/Resources/UI_1.jpg
  artifactKey: Guid(79b88a44d9e174348a9e7e46321bd6b7) Importer(815301076,1909f56bfc062723c751e8b465ee728b)
Start importing Assets/Resources/UI_1.jpg using Guid(79b88a44d9e174348a9e7e46321bd6b7) Importer(815301076,1909f56bfc062723c751e8b465ee728b)  -> (artifact id: '0dbc9c41d58a6f8c87f96c41cfce420e') in 0.227484 seconds 
========================================================================
Received Import Request.
  Time since last request: 0.542108 seconds.
  path: Assets/Resources/4Z_2101.w020.n001.1039A.p30.1039.jpg
  artifactKey: Guid(a571e436e6bce8e4c9468cc8e37fc5d2) Importer(815301076,1909f56bfc062723c751e8b465ee728b)
Start importing Assets/Resources/4Z_2101.w020.n001.1039A.p30.1039.jpg using Guid(a571e436e6bce8e4c9468cc8e37fc5d2) Importer(815301076,1909f56bfc062723c751e8b465ee728b)  -> (artifact id: '02490f0bf3ec8029bbfdbe092863c4dd') in 0.185452 seconds 
========================================================================
Received Import Request.
  Time since last request: 3.273785 seconds.
  path: Assets/Resources/UI_2.jpg
  artifactKey: Guid(a571e436e6bce8e4c9468cc8e37fc5d2) Importer(815301076,1909f56bfc062723c751e8b465ee728b)
Start importing Assets/Resources/UI_2.jpg using Guid(a571e436e6bce8e4c9468cc8e37fc5d2) Importer(815301076,1909f56bfc062723c751e8b465ee728b)  -> (artifact id: 'fb7c8a207a6c5bc36ebd85d825c8e74a') in 0.168329 seconds 
========================================================================
Received Import Request.
  Time since last request: 0.575005 seconds.
  path: Assets/Resources/9Z_2102.w020.n001.1040B.p15.1040.jpg
  artifactKey: Guid(216094207a3dad54394fff6ea6e6df72) Importer(815301076,1909f56bfc062723c751e8b465ee728b)
Start importing Assets/Resources/9Z_2102.w020.n001.1040B.p15.1040.jpg using Guid(216094207a3dad54394fff6ea6e6df72) Importer(815301076,1909f56bfc062723c751e8b465ee728b)  -> (artifact id: '31b5861327e5a2cdb290189a788c666b') in 0.163692 seconds 
========================================================================
Received Import Request.
  Time since last request: 4.328949 seconds.
  path: Assets/Resources/UI_3.jpg
  artifactKey: Guid(216094207a3dad54394fff6ea6e6df72) Importer(815301076,1909f56bfc062723c751e8b465ee728b)
Start importing Assets/Resources/UI_3.jpg using Guid(216094207a3dad54394fff6ea6e6df72) Importer(815301076,1909f56bfc062723c751e8b465ee728b)  -> (artifact id: 'ce166ce4ad05e415ae99f4d30f7aea4e') in 0.165376 seconds 
========================================================================
Received Import Request.
  Time since last request: 12.527080 seconds.
  path: Assets/Resources/UI_3.jpg
  artifactKey: Guid(216094207a3dad54394fff6ea6e6df72) Importer(815301076,1909f56bfc062723c751e8b465ee728b)
Start importing Assets/Resources/UI_3.jpg using Guid(216094207a3dad54394fff6ea6e6df72) Importer(815301076,1909f56bfc062723c751e8b465ee728b)  -> (artifact id: '3bb9e1c00add47f958492c90d1a0c10f') in 0.048736 seconds 
========================================================================
Received Import Request.
  Time since last request: 1.113404 seconds.
  path: Assets/Resources/UI_1.jpg
  artifactKey: Guid(79b88a44d9e174348a9e7e46321bd6b7) Importer(815301076,1909f56bfc062723c751e8b465ee728b)
Start importing Assets/Resources/UI_1.jpg using Guid(79b88a44d9e174348a9e7e46321bd6b7) Importer(815301076,1909f56bfc062723c751e8b465ee728b)  -> (artifact id: 'ee4fa703bda12aa0929925c3144a4dcb') in 0.038120 seconds 
========================================================================
Received Import Request.
  Time since last request: 162.579931 seconds.
  path: Assets/Resources/UI_1.png
  artifactKey: Guid(590b9e47c9eaced4e87bee1cc3b4248a) Importer(815301076,1909f56bfc062723c751e8b465ee728b)
Start importing Assets/Resources/UI_1.png using Guid(590b9e47c9eaced4e87bee1cc3b4248a) Importer(815301076,1909f56bfc062723c751e8b465ee728b)  -> (artifact id: 'a4d5ec05fe8c0661505f2b8e79a0d01c') in 0.188881 seconds 
========================================================================
Received Import Request.
  Time since last request: 0.402317 seconds.
  path: Assets/Resources/UI_3.png
  artifactKey: Guid(bd5eb18977bc9274f8a1783e1832a389) Importer(815301076,1909f56bfc062723c751e8b465ee728b)
Start importing Assets/Resources/UI_3.png using Guid(bd5eb18977bc9274f8a1783e1832a389) Importer(815301076,1909f56bfc062723c751e8b465ee728b)  -> (artifact id: 'ada90d701c794bb015304303f6abd891') in 0.132847 seconds 
========================================================================
Received Import Request.
  Time since last request: 6.414581 seconds.
  path: Assets/Resources/UI_3.png
  artifactKey: Guid(bd5eb18977bc9274f8a1783e1832a389) Importer(815301076,1909f56bfc062723c751e8b465ee728b)
Start importing Assets/Resources/UI_3.png using Guid(bd5eb18977bc9274f8a1783e1832a389) Importer(815301076,1909f56bfc062723c751e8b465ee728b)  -> (artifact id: 'd8814c5515afe180283ff56d4a32da6f') in 0.022692 seconds 
========================================================================
Received Import Request.
  Time since last request: 2.122481 seconds.
  path: Assets/Resources/UI_1.png
  artifactKey: Guid(590b9e47c9eaced4e87bee1cc3b4248a) Importer(815301076,1909f56bfc062723c751e8b465ee728b)
Start importing Assets/Resources/UI_1.png using Guid(590b9e47c9eaced4e87bee1cc3b4248a) Importer(815301076,1909f56bfc062723c751e8b465ee728b)  -> (artifact id: 'bbbcb7003ed23e758e960815a4530359') in 0.029533 seconds 
========================================================================
Received Import Request.
  Time since last request: 6.135104 seconds.
  path: Assets/Resources/UI_1.png
  artifactKey: Guid(590b9e47c9eaced4e87bee1cc3b4248a) Importer(815301076,1909f56bfc062723c751e8b465ee728b)
Start importing Assets/Resources/UI_1.png using Guid(590b9e47c9eaced4e87bee1cc3b4248a) Importer(815301076,1909f56bfc062723c751e8b465ee728b)  -> (artifact id: '24c3f4dc2491f2fde29f173e83cbd765') in 0.202169 seconds 
========================================================================
Received Import Request.
  Time since last request: 1.964339 seconds.
  path: Assets/Resources/UI_2.png
  artifactKey: Guid(7a42d4746fe36694d990b7769fb29afa) Importer(815301076,1909f56bfc062723c751e8b465ee728b)
Start importing Assets/Resources/UI_2.png using Guid(7a42d4746fe36694d990b7769fb29afa) Importer(815301076,1909f56bfc062723c751e8b465ee728b)  -> (artifact id: '6aea7a3670401ebf48cddb46eecd765f') in 0.027280 seconds 
========================================================================
Received Import Request.
  Time since last request: 4.722337 seconds.
  path: Assets/Resources/UI_2.png
  artifactKey: Guid(7a42d4746fe36694d990b7769fb29afa) Importer(815301076,1909f56bfc062723c751e8b465ee728b)
Start importing Assets/Resources/UI_2.png using Guid(7a42d4746fe36694d990b7769fb29afa) Importer(815301076,1909f56bfc062723c751e8b465ee728b)  -> (artifact id: '9930da77e3467fc3f6037ecb03d229f9') in 0.133114 seconds 
========================================================================
Received Import Request.
  Time since last request: 7.060539 seconds.
  path: Assets/Resources/UI_3.png
  artifactKey: Guid(bd5eb18977bc9274f8a1783e1832a389) Importer(815301076,1909f56bfc062723c751e8b465ee728b)
Start importing Assets/Resources/UI_3.png using Guid(bd5eb18977bc9274f8a1783e1832a389) Importer(815301076,1909f56bfc062723c751e8b465ee728b)  -> (artifact id: 'fa49a6125e9c6a215ffe84143a9a7d91') in 0.107748 seconds 
========================================================================
Received Import Request.
  Time since last request: 171.669780 seconds.
  path: Assets/Resources/Icons/cart_5187619.png
  artifactKey: Guid(d43382de10855c04f87c20b6d111677f) Importer(815301076,1909f56bfc062723c751e8b465ee728b)
Start importing Assets/Resources/Icons/cart_5187619.png using Guid(d43382de10855c04f87c20b6d111677f) Importer(815301076,1909f56bfc062723c751e8b465ee728b)  -> (artifact id: '5f0bf6bbd57f28f8d0ba8d935cfb95d1') in 0.031593 seconds 
========================================================================
Received Import Request.
  Time since last request: 0.863954 seconds.
  path: Assets/Resources/Icons/setting_6595712.png
  artifactKey: Guid(c1d5fae028722a245927be7b8093aaaf) Importer(815301076,1909f56bfc062723c751e8b465ee728b)
Start importing Assets/Resources/Icons/setting_6595712.png using Guid(c1d5fae028722a245927be7b8093aaaf) Importer(815301076,1909f56bfc062723c751e8b465ee728b)  -> (artifact id: '2335f7373cdf0ead26242ffec3198fc1') in 0.028413 seconds 
========================================================================
Received Import Request.
  Time since last request: 900.107123 seconds.
  path: Assets/Resources/Icons/Cart.png
  artifactKey: Guid(a16d1d7235b7bef49b69e2a4897f4295) Importer(815301076,1909f56bfc062723c751e8b465ee728b)
Start importing Assets/Resources/Icons/Cart.png using Guid(a16d1d7235b7bef49b69e2a4897f4295) Importer(815301076,1909f56bfc062723c751e8b465ee728b)  -> (artifact id: 'ab529dbc29f6a0c1cbf820f4b9483999') in 0.148204 seconds 
========================================================================
Received Import Request.
  Time since last request: 1.745209 seconds.
  path: Assets/Resources/Icons/square_8835637.png
  artifactKey: Guid(2ba17e95eeef2c849b0804548e94d2c6) Importer(815301076,1909f56bfc062723c751e8b465ee728b)
Start importing Assets/Resources/Icons/square_8835637.png using Guid(2ba17e95eeef2c849b0804548e94d2c6) Importer(815301076,1909f56bfc062723c751e8b465ee728b)  -> (artifact id: 'ba0116b45004013f90aae11bed27452f') in 0.033209 seconds 
========================================================================
Received Import Request.
  Time since last request: 0.982973 seconds.
  path: Assets/Resources/Icons/Stats.png
  artifactKey: Guid(9c068b305e3eeda47a525d321ad45ad7) Importer(815301076,1909f56bfc062723c751e8b465ee728b)
Start importing Assets/Resources/Icons/Stats.png using Guid(9c068b305e3eeda47a525d321ad45ad7) Importer(815301076,1909f56bfc062723c751e8b465ee728b)  -> (artifact id: '0dfe164f8c121cb1f751541a0a857185') in 0.142680 seconds 
========================================================================
Received Import Request.
  Time since last request: 52.072928 seconds.
  path: Assets/Resources/ExportedIcons/ExportedIcons
  artifactKey: Guid(fe38e43d068555541b887b880c2ae13e) Importer(815301076,1909f56bfc062723c751e8b465ee728b)
Start importing Assets/Resources/ExportedIcons/ExportedIcons using Guid(fe38e43d068555541b887b880c2ae13e) Importer(815301076,1909f56bfc062723c751e8b465ee728b)  -> (artifact id: 'b4aa01ff89301b96314cf779d82d0ccb') in 0.008839 seconds 
========================================================================
Received Prepare
Registering precompiled user dll's ...
Registered in 0.004218 seconds.
Begin MonoManager ReloadAssembly
Symbol file LoadedFromMemory doesn't match image C:\Users\Dell\Desktop\Crazy-Splash\Crazy Splash\Library\PackageCache\com.unity.visualscripting@1.8.0\Editor\VisualScripting.Core\Dependencies\YamlDotNet\Unity.VisualScripting.YamlDotNet.dll
Symbol file LoadedFromMemory doesn't match image C:\Users\Dell\Desktop\Crazy-Splash\Crazy Splash\Library\PackageCache\com.unity.visualscripting@1.8.0\Editor\VisualScripting.Core\Dependencies\DotNetZip\Unity.VisualScripting.IonicZip.dll
Native extension for WindowsStandalone target not found
Native extension for Android target not found
Refreshing native plugins compatible for Editor in 0.99 ms, found 4 plugins.
Preloading 0 native plugins for Editor in 0.00 ms.
Mono: successfully reloaded assembly
- Completed reload, in  1.437 seconds
Domain Reload Profiling:
	ReloadAssembly (1438ms)
		BeginReloadAssembly (279ms)
			ExecutionOrderSort (0ms)
			DisableScriptedObjects (12ms)
			BackupInstance (0ms)
			ReleaseScriptingObjects (0ms)
			CreateAndSetChildDomain (93ms)
		EndReloadAssembly (1038ms)
			LoadAssemblies (168ms)
			RebuildTransferFunctionScriptingTraits (0ms)
			SetupTypeCache (465ms)
			ReleaseScriptCaches (2ms)
			RebuildScriptCaches (39ms)
			SetupLoadedEditorAssemblies (415ms)
				LogAssemblyErrors (0ms)
				InitializePlatformSupportModulesInManaged (15ms)
				SetLoadedEditorAssemblies (0ms)
				RefreshPlugins (1ms)
				BeforeProcessingInitializeOnLoad (69ms)
				ProcessInitializeOnLoadAttributes (294ms)
				ProcessInitializeOnLoadMethodAttributes (29ms)
				AfterProcessingInitializeOnLoad (5ms)
				EditorAssembliesLoaded (0ms)
			ExecutionOrderSort2 (0ms)
			AwakeInstancesAfterBackupRestoration (6ms)
Platform modules already initialized, skipping
Refreshing native plugins compatible for Editor in 3.12 ms, found 4 plugins.
Preloading 0 native plugins for Editor in 0.00 ms.
Unloading 4020 Unused Serialized files (Serialized files now loaded: 0)
Unloading 43 unused Assets / (197.1 KB). Loaded Objects now: 4576.
Memory consumption went from 156.4 MB to 156.2 MB.
Total: 4.920600 ms (FindLiveObjects: 0.307000 ms CreateObjectMapping: 0.104000 ms MarkObjects: 4.297900 ms  DeleteObjects: 0.210700 ms)

AssetImportParameters requested are different than current active one (requested -> active):
  custom:video-decoder-ogg-theora: a1e56fd34408186e4bbccfd4996cb3dc -> 
  custom:container-muxer-webm: aa71ff27fc2769a1b78a27578f13a17b -> 
  custom:container-demuxer-webm: 4f35f7cbe854078d1ac9338744f61a02 -> 
  custom:video-encoder-webm-vp8: eb34c28f22e8b96e1ab97ce403110664 -> 
  custom:video-codec-MediaFoundation-h265: 746d11721c4dcdbdad8f713fa42b33f4 -> 
  custom:audio-encoder-webm-vorbis: bf7c407c2cedff20999df2af8eb42d56 -> 
  custom:framework-win-MediaFoundation: 216162199b28c13a410421893ffa2e32 -> 
  custom:container-demuxer-ogg: 62fdf1f143b41e24485cea50d1cbac27 -> 
  custom:video-decoder-webm-vp8: 9c59270c3fd7afecdb556c50c9e8de78 -> 
  custom:audio-decoder-ogg-vorbis: bf7c407c2cedff20999df2af8eb42d56 -> 
========================================================================
Received Prepare
Registering precompiled user dll's ...
Registered in 0.004367 seconds.
Begin MonoManager ReloadAssembly
Symbol file LoadedFromMemory doesn't match image C:\Users\Dell\Desktop\Crazy-Splash\Crazy Splash\Library\PackageCache\com.unity.visualscripting@1.8.0\Editor\VisualScripting.Core\Dependencies\YamlDotNet\Unity.VisualScripting.YamlDotNet.dll
Symbol file LoadedFromMemory doesn't match image C:\Users\Dell\Desktop\Crazy-Splash\Crazy Splash\Library\PackageCache\com.unity.visualscripting@1.8.0\Editor\VisualScripting.Core\Dependencies\DotNetZip\Unity.VisualScripting.IonicZip.dll
Native extension for WindowsStandalone target not found
Native extension for Android target not found
Refreshing native plugins compatible for Editor in 0.98 ms, found 4 plugins.
Preloading 0 native plugins for Editor in 0.00 ms.
Mono: successfully reloaded assembly
- Completed reload, in  1.058 seconds
Domain Reload Profiling:
	ReloadAssembly (1059ms)
		BeginReloadAssembly (124ms)
			ExecutionOrderSort (0ms)
			DisableScriptedObjects (6ms)
			BackupInstance (0ms)
			ReleaseScriptingObjects (0ms)
			CreateAndSetChildDomain (41ms)
		EndReloadAssembly (857ms)
			LoadAssemblies (76ms)
			RebuildTransferFunctionScriptingTraits (0ms)
			SetupTypeCache (218ms)
			ReleaseScriptCaches (2ms)
			RebuildScriptCaches (44ms)
			SetupLoadedEditorAssemblies (476ms)
				LogAssemblyErrors (0ms)
				InitializePlatformSupportModulesInManaged (17ms)
				SetLoadedEditorAssemblies (0ms)
				RefreshPlugins (1ms)
				BeforeProcessingInitializeOnLoad (72ms)
				ProcessInitializeOnLoadAttributes (348ms)
				ProcessInitializeOnLoadMethodAttributes (33ms)
				AfterProcessingInitializeOnLoad (4ms)
				EditorAssembliesLoaded (0ms)
			ExecutionOrderSort2 (0ms)
			AwakeInstancesAfterBackupRestoration (6ms)
Platform modules already initialized, skipping
Refreshing native plugins compatible for Editor in 3.19 ms, found 4 plugins.
Preloading 0 native plugins for Editor in 0.00 ms.
Unloading 4020 Unused Serialized files (Serialized files now loaded: 0)
Unloading 43 unused Assets / (197.2 KB). Loaded Objects now: 4579.
Memory consumption went from 156.4 MB to 156.2 MB.
Total: 4.929200 ms (FindLiveObjects: 0.372300 ms CreateObjectMapping: 0.213700 ms MarkObjects: 4.163800 ms  DeleteObjects: 0.178000 ms)

AssetImportParameters requested are different than current active one (requested -> active):
  custom:video-decoder-ogg-theora: a1e56fd34408186e4bbccfd4996cb3dc -> 
  custom:container-muxer-webm: aa71ff27fc2769a1b78a27578f13a17b -> 
  custom:container-demuxer-webm: 4f35f7cbe854078d1ac9338744f61a02 -> 
  custom:video-encoder-webm-vp8: eb34c28f22e8b96e1ab97ce403110664 -> 
  custom:video-codec-MediaFoundation-h265: 746d11721c4dcdbdad8f713fa42b33f4 -> 
  custom:audio-encoder-webm-vorbis: bf7c407c2cedff20999df2af8eb42d56 -> 
  custom:framework-win-MediaFoundation: 216162199b28c13a410421893ffa2e32 -> 
  custom:container-demuxer-ogg: 62fdf1f143b41e24485cea50d1cbac27 -> 
  custom:video-decoder-webm-vp8: 9c59270c3fd7afecdb556c50c9e8de78 -> 
  custom:audio-decoder-ogg-vorbis: bf7c407c2cedff20999df2af8eb42d56 -> 
========================================================================
Received Import Request.
  Time since last request: 160.689908 seconds.
  path: Assets/Scenes/Menu.unity
  artifactKey: Guid(bd8092e3d1b90ca48a9acf5bcfde1ee4) Importer(815301076,1909f56bfc062723c751e8b465ee728b)
Start importing Assets/Scenes/Menu.unity using Guid(bd8092e3d1b90ca48a9acf5bcfde1ee4) Importer(815301076,1909f56bfc062723c751e8b465ee728b)  -> (artifact id: 'c1a2dfdc503c02cd3a33c3f09613aa35') in 0.014897 seconds 
========================================================================
Received Import Request.
  Time since last request: 0.541526 seconds.
  path: Assets/Scenes/DuckSoup.unity
  artifactKey: Guid(6d762a7319c67904c9d07fdc2ec5ad67) Importer(815301076,1909f56bfc062723c751e8b465ee728b)
Start importing Assets/Scenes/DuckSoup.unity using Guid(6d762a7319c67904c9d07fdc2ec5ad67) Importer(815301076,1909f56bfc062723c751e8b465ee728b)  -> (artifact id: '346b02a838648d6dc1be3cf6a94e9a95') in 0.009169 seconds 
========================================================================
Received Import Request.
  Time since last request: 15.744207 seconds.
  path: Assets/Resources/ExportedIcons
  artifactKey: Guid(16b61fc4a95c7d94cbd95aba6545c4c9) Importer(815301076,1909f56bfc062723c751e8b465ee728b)
Start importing Assets/Resources/ExportedIcons using Guid(16b61fc4a95c7d94cbd95aba6545c4c9) Importer(815301076,1909f56bfc062723c751e8b465ee728b)  -> (artifact id: 'd2758e058c0297da071bd80d41ecdd06') in 0.011107 seconds 
========================================================================
Received Import Request.
  Time since last request: 36.345485 seconds.
  path: Assets/TextMesh Pro/Examples & Extras/Resources/Fonts & Materials/Anton SDF.asset
  artifactKey: Guid(8a89fa14b10d46a99122fd4f73fca9a2) Importer(815301076,1909f56bfc062723c751e8b465ee728b)
Start importing Assets/TextMesh Pro/Examples & Extras/Resources/Fonts & Materials/Anton SDF.asset using Guid(8a89fa14b10d46a99122fd4f73fca9a2) Importer(815301076,1909f56bfc062723c751e8b465ee728b)  -> (artifact id: '457f0cf842268a05761737cefe76dfb4') in 0.121632 seconds 
========================================================================
Received Import Request.
  Time since last request: 0.000033 seconds.
  path: Assets/TextMesh Pro/Examples & Extras/Resources/Fonts & Materials/Electronic Highway Sign SDF.asset
  artifactKey: Guid(dc36b3fdc14f47ebb36fd484a67e268a) Importer(815301076,1909f56bfc062723c751e8b465ee728b)
Start importing Assets/TextMesh Pro/Examples & Extras/Resources/Fonts & Materials/Electronic Highway Sign SDF.asset using Guid(dc36b3fdc14f47ebb36fd484a67e268a) Importer(815301076,1909f56bfc062723c751e8b465ee728b)  -> (artifact id: '06e73b02a21b48d7046cc61d50974872') in 0.038371 seconds 
========================================================================
Received Import Request.
  Time since last request: 0.000069 seconds.
  path: Assets/TextMesh Pro/Resources/Fonts & Materials/LiberationSans SDF - Fallback.asset
  artifactKey: Guid(2e498d1c8094910479dc3e1b768306a4) Importer(815301076,1909f56bfc062723c751e8b465ee728b)
Start importing Assets/TextMesh Pro/Resources/Fonts & Materials/LiberationSans SDF - Fallback.asset using Guid(2e498d1c8094910479dc3e1b768306a4) Importer(815301076,1909f56bfc062723c751e8b465ee728b)  -> (artifact id: '5eb6b60eea71acf944dc89fec9df0c72') in 0.032477 seconds 
========================================================================
Received Import Request.
  Time since last request: 0.000026 seconds.
  path: Assets/TextMesh Pro/Examples & Extras/Resources/Fonts & Materials/Roboto-Bold SDF.asset
  artifactKey: Guid(5302535af1044152a457ed104f1f4b91) Importer(815301076,1909f56bfc062723c751e8b465ee728b)
Start importing Assets/TextMesh Pro/Examples & Extras/Resources/Fonts & Materials/Roboto-Bold SDF.asset using Guid(5302535af1044152a457ed104f1f4b91) Importer(815301076,1909f56bfc062723c751e8b465ee728b)  -> (artifact id: '9990a4cd112d0217c7b284259f015e84') in 0.032253 seconds 
========================================================================
Received Import Request.
  Time since last request: 0.000036 seconds.
  path: Assets/TextMesh Pro/Examples & Extras/Resources/Fonts & Materials/Oswald Bold SDF.asset
  artifactKey: Guid(0161d805a3764c089bef00bfe00793f5) Importer(815301076,1909f56bfc062723c751e8b465ee728b)
Start importing Assets/TextMesh Pro/Examples & Extras/Resources/Fonts & Materials/Oswald Bold SDF.asset using Guid(0161d805a3764c089bef00bfe00793f5) Importer(815301076,1909f56bfc062723c751e8b465ee728b)  -> (artifact id: 'd71f4e36c280eb763b9aa5c729750676') in 0.042512 seconds 
========================================================================
Received Import Request.
  Time since last request: 22.381240 seconds.
  path: Assets/Scenes/Menu.unity
  artifactKey: Guid(bd8092e3d1b90ca48a9acf5bcfde1ee4) Importer(815301076,1909f56bfc062723c751e8b465ee728b)
Start importing Assets/Scenes/Menu.unity using Guid(bd8092e3d1b90ca48a9acf5bcfde1ee4) Importer(815301076,1909f56bfc062723c751e8b465ee728b)  -> (artifact id: '6d29d42cfb6277f45736125eb6b79e68') in 0.008311 seconds 
Editor requested this worker to shutdown with reason: Scaling down because of idle timeout
AssetImportWorker is now disconnected from the server
Process exiting
Exiting without the bug reporter. Application will terminate with return code 0